[2014-10-05 10:09:51] local.ERROR: exception 'Symfony\Component\Debug\Exception\FatalErrorException' with message 'Call to undefined method Care\Repositories\Eloquent\UsersRepository::findById()' in /home/vagrant/Projects/ClientCare/app/controllers/Admin/TicketsController.php:86
Stack trace:
#0 [internal function]: Illuminate\Exception\Handler->handleShutdown()
#1 {main} [] []
[2015-03-06 16:52:08] production.ERROR: exception 'Swift_TransportException' with message 'Expected response code 250 but got code "535", with message "535-5.7.8 Username and Password not accepted. Learn more at
535 5.7.8 http://support.google.com/mail/bin/answer.py?answer=14257 b14sm5523607pbu.55 - gsmtp
"' in D:\xampp\htdocs\clientCare\vendor\swiftmailer\swiftmailer\lib\classes\Swift\Transport\AbstractSmtpTransport.php:386
Stack trace:
#0 D:\xampp\htdocs\clientCare\vendor\swiftmailer\swiftmailer\lib\classes\Swift\Transport\AbstractSmtpTransport.php(281): Swift_Transport_AbstractSmtpTransport->_assertResponseCode('535-5.7.8 Usern...', Array)
#1 D:\xampp\htdocs\clientCare\vendor\swiftmailer\swiftmailer\lib\classes\Swift\Transport\EsmtpTransport.php(245): Swift_Transport_AbstractSmtpTransport->executeCommand('RSET??', Array, Array)
#2 D:\xampp\htdocs\clientCare\vendor\swiftmailer\swiftmailer\lib\classes\Swift\Transport\Esmtp\Auth\XOAuth2Authenticator.php(56): Swift_Transport_EsmtpTransport->executeCommand('RSET??', Array)
#3 D:\xampp\htdocs\clientCare\vendor\swiftmailer\swiftmailer\lib\classes\Swift\Transport\Esmtp\AuthHandler.php(179): Swift_Transport_Esmtp_Auth_XOAuth2Authenticator->authenticate(Object(Swift_SmtpTransport), 'mohd.itcs@gmail...', 'xxxx')
#4 D:\xampp\htdocs\clientCare\vendor\swiftmailer\swiftmailer\lib\classes\Swift\Transport\EsmtpTransport.php(312): Swift_Transport_Esmtp_AuthHandler->afterEhlo(Object(Swift_SmtpTransport))
#5 D:\xampp\htdocs\clientCare\vendor\swiftmailer\swiftmailer\lib\classes\Swift\Transport\AbstractSmtpTransport.php(120): Swift_Transport_EsmtpTransport->_doHeloCommand()
#6 D:\xampp\htdocs\clientCare\vendor\swiftmailer\swiftmailer\lib\classes\Swift\Mailer.php(80): Swift_Transport_AbstractSmtpTransport->start()
#7 D:\xampp\htdocs\clientCare\vendor\laravel\framework\src\Illuminate\Mail\Mailer.php(329): Swift_Mailer->send(Object(Swift_Message), Array)
#8 D:\xampp\htdocs\clientCare\vendor\laravel\framework\src\Illuminate\Mail\Mailer.php(151): Illuminate\Mail\Mailer->sendSwiftMessage(Object(Swift_Message))
#9 D:\xampp\htdocs\clientCare\vendor\laravel\framework\src\Illuminate\Mail\Mailer.php(238): Illuminate\Mail\Mailer->send('emails.welcome', Array, Object(Closure))
#10 D:\xampp\htdocs\clientCare\vendor\laravel\framework\src\Illuminate\Queue\Jobs\Job.php(96): Illuminate\Mail\Mailer->handleQueuedMessage(Object(Illuminate\Queue\Jobs\SyncJob), Array)
#11 D:\xampp\htdocs\clientCare\vendor\laravel\framework\src\Illuminate\Queue\Jobs\SyncJob.php(52): Illuminate\Queue\Jobs\Job->resolveAndFire(Array)
#12 D:\xampp\htdocs\clientCare\vendor\laravel\framework\src\Illuminate\Queue\SyncQueue.php(15): Illuminate\Queue\Jobs\SyncJob->fire()
#13 [internal function]: Illuminate\Queue\SyncQueue->push('mailer@handleQu...', Array, NULL)
#14 D:\xampp\htdocs\clientCare\vendor\laravel\framework\src\Illuminate\Queue\QueueManager.php(210): call_user_func_array(Array, Array)
#15 D:\xampp\htdocs\clientCare\vendor\laravel\framework\src\Illuminate\Mail\Mailer.php(167): Illuminate\Queue\QueueManager->__call('push', Array)
#16 D:\xampp\htdocs\clientCare\vendor\laravel\framework\src\Illuminate\Mail\Mailer.php(167): Illuminate\Queue\QueueManager->push('mailer@handleQu...', Array, NULL)
#17 D:\xampp\htdocs\clientCare\bootstrap\compiled.php(3231): Illuminate\Mail\Mailer->queue('emails.welcome', Array, Object(Closure))
#18 D:\xampp\htdocs\clientCare\app\Care\Mailers\Swift\Mailer.php(20): Illuminate\Support\Facades\Facade::__callStatic('queue', Array)
#19 D:\xampp\htdocs\clientCare\app\Care\Mailers\Swift\Mailer.php(20): Illuminate\Support\Facades\Mail::queue('emails.welcome', Array, Object(Closure))
#20 D:\xampp\htdocs\clientCare\app\Care\Mailers\Swift\UserMailer.php(22): Care\Mailers\Swift\Mailer->sendTo('test1@gmail.com', 'Welcome to Clie...', 'emails.welcome', Array)
#21 D:\xampp\htdocs\clientCare\app\Care\Events\UserHasRegistered.php(21): Care\Mailers\Swift\UserMailer->welcome(Object(Care\User))
#22 [internal function]: Care\Events\UserHasRegistered->handle(Object(Care\User))
#23 D:\xampp\htdocs\clientCare\bootstrap\compiled.php(6254): call_user_func_array(Array, Array)
#24 [internal function]: Illuminate\Events\Dispatcher->Illuminate\Events\{closure}(Object(Care\User))
#25 D:\xampp\htdocs\clientCare\bootstrap\compiled.php(6200): call_user_func_array(Object(Closure), Array)
#26 D:\xampp\htdocs\clientCare\bootstrap\compiled.php(3229): Illuminate\Events\Dispatcher->fire('user.registered', Object(Care\User))
#27 D:\xampp\htdocs\clientCare\app\controllers\Admin\ClientsController.php(52): Illuminate\Support\Facades\Facade::__callStatic('fire', Array)
#28 D:\xampp\htdocs\clientCare\app\controllers\Admin\ClientsController.php(52): Illuminate\Support\Facades\Event::fire('user.registered', Object(Care\User))
#29 [internal function]: Admin\ClientsController->postIndex()
#30 D:\xampp\htdocs\clientCare\vendor\laravel\framework\src\Illuminate\Routing\Controller.php(231): call_user_func_array(Array, Array)
#31 D:\xampp\htdocs\clientCare\bootstrap\compiled.php(5784): Illuminate\Routing\Controller->callAction('postIndex', Array)
#32 D:\xampp\htdocs\clientCare\bootstrap\compiled.php(5772): Illuminate\Routing\ControllerDispatcher->call(Object(Admin\ClientsController), Object(Illuminate\Routing\Route), 'postIndex')
#33 D:\xampp\htdocs\clientCare\bootstrap\compiled.php(4971): Illuminate\Routing\ControllerDispatcher->dispatch(Object(Illuminate\Routing\Route), Object(Illuminate\Http\Request), 'Admin\ClientsCo...', 'postIndex')
#34 [internal function]: Illuminate\Routing\Router->Illuminate\Routing\{closure}()
#35 D:\xampp\htdocs\clientCare\bootstrap\compiled.php(5330): call_user_func_array(Object(Closure), Array)
#36 D:\xampp\htdocs\clientCare\bootstrap\compiled.php(4996): Illuminate\Routing\Route->run(Object(Illuminate\Http\Request))
#37 D:\xampp\htdocs\clientCare\bootstrap\compiled.php(4984): Illuminate\Routing\Router->dispatchToRoute(Object(Illuminate\Http\Request))
#38 D:\xampp\htdocs\clientCare\bootstrap\compiled.php(717): Illuminate\Routing\Router->dispatch(Object(Illuminate\Http\Request))
#39 D:\xampp\htdocs\clientCare\bootstrap\compiled.php(698): Illuminate\Foundation\Application->dispatch(Object(Illuminate\Http\Request))
#40 D:\xampp\htdocs\clientCare\bootstrap\compiled.php(7706): Illuminate\Foundation\Application->handle(Object(Illuminate\Http\Request), 1, true)
#41 D:\xampp\htdocs\clientCare\bootstrap\compiled.php(8309): Illuminate\Session\Middleware->handle(Object(Illuminate\Http\Request), 1, true)
#42 D:\xampp\htdocs\clientCare\bootstrap\compiled.php(8256): Illuminate\Cookie\Queue->handle(Object(Illuminate\Http\Request), 1, true)
#43 D:\xampp\htdocs\clientCare\bootstrap\compiled.php(10895): Illuminate\Cookie\Guard->handle(Object(Illuminate\Http\Request), 1, true)
#44 D:\xampp\htdocs\clientCare\bootstrap\compiled.php(659): Stack\StackedHttpKernel->handle(Object(Illuminate\Http\Request))
#45 D:\xampp\htdocs\clientCare\public\index.php(49): Illuminate\Foundation\Application->run()
#46 {main} [] []
[2015-03-06 17:08:02] production.ERROR: exception 'Symfony\Component\HttpKernel\Exception\MethodNotAllowedHttpException' in D:\xampp\htdocs\clientCare\bootstrap\compiled.php:5712
Stack trace:
#0 D:\xampp\htdocs\clientCare\bootstrap\compiled.php(5707): Illuminate\Routing\RouteCollection->methodNotAllowed(Array)
#1 D:\xampp\htdocs\clientCare\bootstrap\compiled.php(5685): Illuminate\Routing\RouteCollection->getOtherMethodsRoute(Object(Illuminate\Http\Request), Array)
#2 D:\xampp\htdocs\clientCare\bootstrap\compiled.php(5004): Illuminate\Routing\RouteCollection->match(Object(Illuminate\Http\Request))
#3 D:\xampp\htdocs\clientCare\bootstrap\compiled.php(4992): Illuminate\Routing\Router->findRoute(Object(Illuminate\Http\Request))
#4 D:\xampp\htdocs\clientCare\bootstrap\compiled.php(4984): Illuminate\Routing\Router->dispatchToRoute(Object(Illuminate\Http\Request))
#5 D:\xampp\htdocs\clientCare\bootstrap\compiled.php(717): Illuminate\Routing\Router->dispatch(Object(Illuminate\Http\Request))
#6 D:\xampp\htdocs\clientCare\bootstrap\compiled.php(698): Illuminate\Foundation\Application->dispatch(Object(Illuminate\Http\Request))
#7 D:\xampp\htdocs\clientCare\bootstrap\compiled.php(7706): Illuminate\Foundation\Application->handle(Object(Illuminate\Http\Request), 1, true)
#8 D:\xampp\htdocs\clientCare\bootstrap\compiled.php(8309): Illuminate\Session\Middleware->handle(Object(Illuminate\Http\Request), 1, true)
#9 D:\xampp\htdocs\clientCare\bootstrap\compiled.php(8256): Illuminate\Cookie\Queue->handle(Object(Illuminate\Http\Request), 1, true)
#10 D:\xampp\htdocs\clientCare\bootstrap\compiled.php(10895): Illuminate\Cookie\Guard->handle(Object(Illuminate\Http\Request), 1, true)
#11 D:\xampp\htdocs\clientCare\bootstrap\compiled.php(659): Stack\StackedHttpKernel->handle(Object(Illuminate\Http\Request))
#12 D:\xampp\htdocs\clientCare\public\index.php(49): Illuminate\Foundation\Application->run()
#13 {main} [] []
